2022-12-16 00:36:59,762 INFO  [restartedMain] com.greenrent.GreenRentApplication:Starting GreenRentApplication using Java 17.0.4 on LAPTOP-LP556Q47 with PID 7852 (D:\CarRental2\GreenRent\target\classes started by kayra in D:\CarRental2\GreenRent)
2022-12-16 00:36:59,765 DEBUG [restartedMain] com.greenrent.GreenRentApplication:Running with Spring Boot v2.7.6, Spring v5.3.24
2022-12-16 00:36:59,765 INFO  [restartedMain] com.greenrent.GreenRentApplication:No active profile set, falling back to 1 default profile: "default"
2022-12-16 00:36:59,818 INFO  [restartedMain] org.springframework.boot.devtools.env.DevToolsPropertyDefaultsPostProcessor:Devtools property defaults active! Set 'spring.devtools.add-properties' to 'false' to disable
2022-12-16 00:36:59,818 INFO  [restartedMain] org.springframework.boot.devtools.env.DevToolsPropertyDefaultsPostProcessor:For additional web related logging consider setting the 'logging.level.web' property to 'DEBUG'
2022-12-16 00:37:01,038 INFO  [restartedMain] org.springframework.data.repository.config.RepositoryConfigurationDelegate:Bootstrapping Spring Data JPA repositories in DEFAULT mode.
2022-12-16 00:37:01,097 INFO  [restartedMain] org.springframework.data.repository.config.RepositoryConfigurationDelegate:Finished Spring Data repository scanning in 51 ms. Found 6 JPA repository interfaces.
2022-12-16 00:37:01,691 INFO  [restartedMain] org.springframework.boot.web.embedded.tomcat.TomcatWebServer:Tomcat initialized with port(s): 8080 (http)
2022-12-16 00:37:01,700 INFO  [restartedMain] org.apache.catalina.core.StandardService:Starting service [Tomcat]
2022-12-16 00:37:01,701 INFO  [restartedMain] org.apache.catalina.core.StandardEngine:Starting Servlet engine: [Apache Tomcat/9.0.69]
2022-12-16 00:37:01,779 INFO  [restartedMain] org.apache.catalina.core.ContainerBase.[Tomcat].[localhost].[/]:Initializing Spring embedded WebApplicationContext
2022-12-16 00:37:01,779 INFO  [restartedMain] org.springframework.boot.web.servlet.context.ServletWebServerApplicationContext:Root WebApplicationContext: initialization completed in 1960 ms
2022-12-16 00:37:02,005 INFO  [restartedMain] org.hibernate.jpa.internal.util.LogHelper:HHH000204: Processing PersistenceUnitInfo [name: default]
2022-12-16 00:37:02,053 INFO  [restartedMain] org.hibernate.Version:HHH000412: Hibernate ORM core version 5.6.14.Final
2022-12-16 00:37:02,180 INFO  [restartedMain] org.hibernate.annotations.common.Version:HCANN000001: Hibernate Commons Annotations {5.1.2.Final}
2022-12-16 00:37:02,262 INFO  [restartedMain] com.zaxxer.hikari.HikariDataSource:HikariPool-1 - Starting...
2022-12-16 00:37:02,433 INFO  [restartedMain] com.zaxxer.hikari.HikariDataSource:HikariPool-1 - Start completed.
2022-12-16 00:37:02,450 INFO  [restartedMain] org.hibernate.dialect.Dialect:HHH000400: Using dialect: org.hibernate.dialect.PostgreSQLDialect
2022-12-16 00:37:03,263 INFO  [restartedMain] org.hibernate.engine.transaction.jta.platform.internal.JtaPlatformInitiator:HHH000490: Using JtaPlatform implementation: [org.hibernate.engine.transaction.jta.platform.internal.NoJtaPlatform]
2022-12-16 00:37:03,270 INFO  [restartedMain] org.springframework.orm.jpa.LocalContainerEntityManagerFactoryBean:Initialized JPA EntityManagerFactory for persistence unit 'default'
2022-12-16 00:37:03,754 WARN  [restartedMain] org.springframework.boot.autoconfigure.orm.jpa.JpaBaseConfiguration$JpaWebConfiguration:spring.jpa.open-in-view is enabled by default. Therefore, database queries may be performed during view rendering. Explicitly configure spring.jpa.open-in-view to disable this warning
2022-12-16 00:37:03,820 DEBUG [restartedMain] com.greenrent.security.jwt.AuthTokenFilter:Filter 'authenticationJwtTokenFilter' configured for use
2022-12-16 00:37:04,155 INFO  [restartedMain] org.springframework.security.web.DefaultSecurityFilterChain:Will secure any request with [org.springframework.security.web.session.DisableEncodeUrlFilter@233c9532, org.springframework.security.web.context.request.async.WebAsyncManagerIntegrationFilter@347ff3a7, org.springframework.security.web.context.SecurityContextPersistenceFilter@5e679c73, org.springframework.security.web.header.HeaderWriterFilter@6f100d72, org.springframework.security.web.authentication.logout.LogoutFilter@7d433244, com.greenrent.security.jwt.AuthTokenFilter@71adccc8, org.springframework.security.web.savedrequest.RequestCacheAwareFilter@6898da2d, org.springframework.security.web.servletapi.SecurityContextHolderAwareRequestFilter@28e4d4a2, org.springframework.security.web.authentication.AnonymousAuthenticationFilter@753593aa, org.springframework.security.web.session.SessionManagementFilter@427aa890, org.springframework.security.web.access.ExceptionTranslationFilter@6cc121fb, org.springframework.security.web.access.intercept.FilterSecurityInterceptor@18e0eaf6]
2022-12-16 00:37:05,027 INFO  [restartedMain] org.springframework.boot.devtools.autoconfigure.OptionalLiveReloadServer:LiveReload server is running on port 35729
2022-12-16 00:37:05,032 INFO  [restartedMain] org.springframework.boot.actuate.endpoint.web.EndpointLinksResolver:Exposing 1 endpoint(s) beneath base path '/actuator'
2022-12-16 00:37:05,095 INFO  [restartedMain] org.springframework.boot.web.embedded.tomcat.TomcatWebServer:Tomcat started on port(s): 8080 (http) with context path ''
2022-12-16 00:37:05,109 INFO  [restartedMain] com.greenrent.GreenRentApplication:Started GreenRentApplication in 5.789 seconds (JVM running for 6.499)
2022-12-16 00:37:06,658 INFO  [RMI TCP Connection(3)-127.0.0.1] org.apache.catalina.core.ContainerBase.[Tomcat].[localhost].[/]:Initializing Spring DispatcherServlet 'dispatcherServlet'
2022-12-16 00:37:06,658 INFO  [RMI TCP Connection(3)-127.0.0.1] org.springframework.web.servlet.DispatcherServlet:Initializing Servlet 'dispatcherServlet'
2022-12-16 00:37:06,660 INFO  [RMI TCP Connection(3)-127.0.0.1] org.springframework.web.servlet.DispatcherServlet:Completed initialization in 2 ms
2022-12-16 00:37:07,450 INFO  [File Watcher] org.springframework.boot.devtools.autoconfigure.LocalDevToolsAutoConfiguration$RestartingClassPathChangeChangedEventListener:Restarting due to 1 class path change (0 additions, 0 deletions, 1 modification)
2022-12-16 00:37:07,466 INFO  [Thread-5] org.apache.catalina.core.StandardService:Stopping service [Tomcat]
2022-12-16 00:37:07,467 INFO  [Thread-5] org.apache.catalina.core.ContainerBase.[Tomcat].[localhost].[/]:Destroying Spring FrameworkServlet 'dispatcherServlet'
2022-12-16 00:37:07,469 WARN  [Thread-5] org.apache.catalina.loader.WebappClassLoaderBase:The web application [ROOT] appears to have started a thread named [HikariPool-1 housekeeper] but has failed to stop it. This is very likely to create a memory leak. Stack trace of thread:
 java.base@17.0.4/jdk.internal.misc.Unsafe.park(Native Method)
 java.base@17.0.4/java.util.concurrent.locks.LockSupport.parkNanos(LockSupport.java:252)
 java.base@17.0.4/java.util.concurrent.locks.AbstractQueuedSynchronizer$ConditionObject.awaitNanos(AbstractQueuedSynchronizer.java:1672)
 java.base@17.0.4/java.util.concurrent.ScheduledThreadPoolExecutor$DelayedWorkQueue.take(ScheduledThreadPoolExecutor.java:1182)
 java.base@17.0.4/java.util.concurrent.ScheduledThreadPoolExecutor$DelayedWorkQueue.take(ScheduledThreadPoolExecutor.java:899)
 java.base@17.0.4/java.util.concurrent.ThreadPoolExecutor.getTask(ThreadPoolExecutor.java:1062)
 java.base@17.0.4/java.util.concurrent.ThreadPoolExecutor.runWorker(ThreadPoolExecutor.java:1122)
 java.base@17.0.4/java.util.concurrent.ThreadPoolExecutor$Worker.run(ThreadPoolExecutor.java:635)
 java.base@17.0.4/java.lang.Thread.run(Thread.java:833)
2022-12-16 00:37:07,470 WARN  [Thread-5] org.apache.catalina.loader.WebappClassLoaderBase:The web application [ROOT] appears to have started a thread named [HikariPool-1 connection adder] but has failed to stop it. This is very likely to create a memory leak. Stack trace of thread:
 java.base@17.0.4/jdk.internal.misc.Unsafe.park(Native Method)
 java.base@17.0.4/java.util.concurrent.locks.LockSupport.parkNanos(LockSupport.java:252)
 java.base@17.0.4/java.util.concurrent.locks.AbstractQueuedSynchronizer$ConditionObject.awaitNanos(AbstractQueuedSynchronizer.java:1672)
 java.base@17.0.4/java.util.concurrent.LinkedBlockingQueue.poll(LinkedBlockingQueue.java:460)
 java.base@17.0.4/java.util.concurrent.ThreadPoolExecutor.getTask(ThreadPoolExecutor.java:1061)
 java.base@17.0.4/java.util.concurrent.ThreadPoolExecutor.runWorker(ThreadPoolExecutor.java:1122)
 java.base@17.0.4/java.util.concurrent.ThreadPoolExecutor$Worker.run(ThreadPoolExecutor.java:635)
 java.base@17.0.4/java.lang.Thread.run(Thread.java:833)
2022-12-16 00:37:07,476 INFO  [Thread-5] org.springframework.orm.jpa.LocalContainerEntityManagerFactoryBean:Closing JPA EntityManagerFactory for persistence unit 'default'
2022-12-16 00:37:07,479 INFO  [Thread-5] com.zaxxer.hikari.HikariDataSource:HikariPool-1 - Shutdown initiated...
2022-12-16 00:37:07,482 INFO  [Thread-5] com.zaxxer.hikari.HikariDataSource:HikariPool-1 - Shutdown completed.
2022-12-16 00:37:07,555 INFO  [restartedMain] com.greenrent.GreenRentApplication:Starting GreenRentApplication using Java 17.0.4 on LAPTOP-LP556Q47 with PID 7852 (D:\CarRental2\GreenRent\target\classes started by kayra in D:\CarRental2\GreenRent)
2022-12-16 00:37:07,555 DEBUG [restartedMain] com.greenrent.GreenRentApplication:Running with Spring Boot v2.7.6, Spring v5.3.24
2022-12-16 00:37:07,555 INFO  [restartedMain] com.greenrent.GreenRentApplication:No active profile set, falling back to 1 default profile: "default"
2022-12-16 00:37:07,829 INFO  [restartedMain] org.springframework.data.repository.config.RepositoryConfigurationDelegate:Bootstrapping Spring Data JPA repositories in DEFAULT mode.
2022-12-16 00:37:07,851 INFO  [restartedMain] org.springframework.data.repository.config.RepositoryConfigurationDelegate:Finished Spring Data repository scanning in 21 ms. Found 6 JPA repository interfaces.
2022-12-16 00:37:07,964 INFO  [restartedMain] org.springframework.boot.web.embedded.tomcat.TomcatWebServer:Tomcat initialized with port(s): 8080 (http)
2022-12-16 00:37:07,964 INFO  [restartedMain] org.apache.catalina.core.StandardService:Starting service [Tomcat]
2022-12-16 00:37:07,964 INFO  [restartedMain] org.apache.catalina.core.StandardEngine:Starting Servlet engine: [Apache Tomcat/9.0.69]
2022-12-16 00:37:07,985 INFO  [restartedMain] org.apache.catalina.core.ContainerBase.[Tomcat].[localhost].[/]:Initializing Spring embedded WebApplicationContext
2022-12-16 00:37:07,985 INFO  [restartedMain] org.springframework.boot.web.servlet.context.ServletWebServerApplicationContext:Root WebApplicationContext: initialization completed in 428 ms
2022-12-16 00:37:08,047 INFO  [restartedMain] org.hibernate.jpa.internal.util.LogHelper:HHH000204: Processing PersistenceUnitInfo [name: default]
2022-12-16 00:37:08,051 INFO  [restartedMain] com.zaxxer.hikari.HikariDataSource:HikariPool-2 - Starting...
2022-12-16 00:37:08,104 INFO  [restartedMain] com.zaxxer.hikari.HikariDataSource:HikariPool-2 - Start completed.
2022-12-16 00:37:08,105 INFO  [restartedMain] org.hibernate.dialect.Dialect:HHH000400: Using dialect: org.hibernate.dialect.PostgreSQLDialect
2022-12-16 00:37:08,275 INFO  [restartedMain] org.hibernate.engine.transaction.jta.platform.internal.JtaPlatformInitiator:HHH000490: Using JtaPlatform implementation: [org.hibernate.engine.transaction.jta.platform.internal.NoJtaPlatform]
2022-12-16 00:37:08,275 INFO  [restartedMain] org.springframework.orm.jpa.LocalContainerEntityManagerFactoryBean:Initialized JPA EntityManagerFactory for persistence unit 'default'
2022-12-16 00:37:08,402 WARN  [restartedMain] org.springframework.boot.autoconfigure.orm.jpa.JpaBaseConfiguration$JpaWebConfiguration:spring.jpa.open-in-view is enabled by default. Therefore, database queries may be performed during view rendering. Explicitly configure spring.jpa.open-in-view to disable this warning
2022-12-16 00:37:08,425 DEBUG [restartedMain] com.greenrent.security.jwt.AuthTokenFilter:Filter 'authenticationJwtTokenFilter' configured for use
2022-12-16 00:37:08,649 INFO  [restartedMain] org.springframework.security.web.DefaultSecurityFilterChain:Will secure any request with [org.springframework.security.web.session.DisableEncodeUrlFilter@62dc1e6e, org.springframework.security.web.context.request.async.WebAsyncManagerIntegrationFilter@1f2719f, org.springframework.security.web.context.SecurityContextPersistenceFilter@b9dcf14, org.springframework.security.web.header.HeaderWriterFilter@6d0ef0b5, org.springframework.security.web.authentication.logout.LogoutFilter@3696a4a0, com.greenrent.security.jwt.AuthTokenFilter@13ad8b57, org.springframework.security.web.savedrequest.RequestCacheAwareFilter@33ad3bda, org.springframework.security.web.servletapi.SecurityContextHolderAwareRequestFilter@293cfe42, org.springframework.security.web.authentication.AnonymousAuthenticationFilter@2d3ed77, org.springframework.security.web.session.SessionManagementFilter@2aea1753, org.springframework.security.web.access.ExceptionTranslationFilter@2b626d50, org.springframework.security.web.access.intercept.FilterSecurityInterceptor@2d82d77f]
2022-12-16 00:37:09,106 INFO  [restartedMain] org.springframework.boot.devtools.autoconfigure.OptionalLiveReloadServer:LiveReload server is running on port 35729
2022-12-16 00:37:09,110 INFO  [restartedMain] org.springframework.boot.actuate.endpoint.web.EndpointLinksResolver:Exposing 1 endpoint(s) beneath base path '/actuator'
2022-12-16 00:37:09,139 INFO  [restartedMain] org.springframework.boot.web.embedded.tomcat.TomcatWebServer:Tomcat started on port(s): 8080 (http) with context path ''
2022-12-16 00:37:09,147 INFO  [restartedMain] com.greenrent.GreenRentApplication:Started GreenRentApplication in 1.623 seconds (JVM running for 10.537)
2022-12-16 00:37:09,149 INFO  [restartedMain] org.springframework.boot.devtools.autoconfigure.ConditionEvaluationDeltaLoggingListener:Condition evaluation unchanged
2022-12-16 00:38:55,687 INFO  [RMI TCP Connection(6)-127.0.0.1] org.springframework.boot.admin.SpringApplicationAdminMXBeanRegistrar$SpringApplicationAdmin:Application shutdown requested.
2022-12-16 00:38:55,701 INFO  [RMI TCP Connection(6)-127.0.0.1] org.apache.catalina.core.StandardService:Stopping service [Tomcat]
2022-12-16 00:38:55,703 WARN  [RMI TCP Connection(6)-127.0.0.1] org.apache.catalina.loader.WebappClassLoaderBase:The web application [ROOT] appears to have started a thread named [HikariPool-2 housekeeper] but has failed to stop it. This is very likely to create a memory leak. Stack trace of thread:
 java.base@17.0.4/jdk.internal.misc.Unsafe.park(Native Method)
 java.base@17.0.4/java.util.concurrent.locks.LockSupport.parkNanos(LockSupport.java:252)
 java.base@17.0.4/java.util.concurrent.locks.AbstractQueuedSynchronizer$ConditionObject.awaitNanos(AbstractQueuedSynchronizer.java:1672)
 java.base@17.0.4/java.util.concurrent.ScheduledThreadPoolExecutor$DelayedWorkQueue.take(ScheduledThreadPoolExecutor.java:1182)
 java.base@17.0.4/java.util.concurrent.ScheduledThreadPoolExecutor$DelayedWorkQueue.take(ScheduledThreadPoolExecutor.java:899)
 java.base@17.0.4/java.util.concurrent.ThreadPoolExecutor.getTask(ThreadPoolExecutor.java:1062)
 java.base@17.0.4/java.util.concurrent.ThreadPoolExecutor.runWorker(ThreadPoolExecutor.java:1122)
 java.base@17.0.4/java.util.concurrent.ThreadPoolExecutor$Worker.run(ThreadPoolExecutor.java:635)
 java.base@17.0.4/java.lang.Thread.run(Thread.java:833)
2022-12-16 00:38:55,707 INFO  [RMI TCP Connection(6)-127.0.0.1] org.springframework.orm.jpa.LocalContainerEntityManagerFactoryBean:Closing JPA EntityManagerFactory for persistence unit 'default'
2022-12-16 00:38:55,708 INFO  [RMI TCP Connection(6)-127.0.0.1] com.zaxxer.hikari.HikariDataSource:HikariPool-2 - Shutdown initiated...
2022-12-16 00:38:55,710 INFO  [RMI TCP Connection(6)-127.0.0.1] com.zaxxer.hikari.HikariDataSource:HikariPool-2 - Shutdown completed.
2022-12-16 00:51:27,879 INFO  [restartedMain] com.greenrent.GreenRentApplication:Starting GreenRentApplication using Java 17.0.4 on LAPTOP-LP556Q47 with PID 12604 (D:\CarRental2\GreenRent\target\classes started by kayra in D:\CarRental2\GreenRent)
2022-12-16 00:51:27,881 DEBUG [restartedMain] com.greenrent.GreenRentApplication:Running with Spring Boot v2.7.6, Spring v5.3.24
2022-12-16 00:51:27,882 INFO  [restartedMain] com.greenrent.GreenRentApplication:No active profile set, falling back to 1 default profile: "default"
2022-12-16 00:51:27,929 INFO  [restartedMain] org.springframework.boot.devtools.env.DevToolsPropertyDefaultsPostProcessor:Devtools property defaults active! Set 'spring.devtools.add-properties' to 'false' to disable
2022-12-16 00:51:27,929 INFO  [restartedMain] org.springframework.boot.devtools.env.DevToolsPropertyDefaultsPostProcessor:For additional web related logging consider setting the 'logging.level.web' property to 'DEBUG'
2022-12-16 00:51:29,185 INFO  [restartedMain] org.springframework.data.repository.config.RepositoryConfigurationDelegate:Bootstrapping Spring Data JPA repositories in DEFAULT mode.
2022-12-16 00:51:29,248 INFO  [restartedMain] org.springframework.data.repository.config.RepositoryConfigurationDelegate:Finished Spring Data repository scanning in 56 ms. Found 6 JPA repository interfaces.
2022-12-16 00:51:29,855 INFO  [restartedMain] org.springframework.boot.web.embedded.tomcat.TomcatWebServer:Tomcat initialized with port(s): 8080 (http)
2022-12-16 00:51:29,867 INFO  [restartedMain] org.apache.catalina.core.StandardService:Starting service [Tomcat]
2022-12-16 00:51:29,868 INFO  [restartedMain] org.apache.catalina.core.StandardEngine:Starting Servlet engine: [Apache Tomcat/9.0.69]
2022-12-16 00:51:29,961 INFO  [restartedMain] org.apache.catalina.core.ContainerBase.[Tomcat].[localhost].[/]:Initializing Spring embedded WebApplicationContext
2022-12-16 00:51:29,962 INFO  [restartedMain] org.springframework.boot.web.servlet.context.ServletWebServerApplicationContext:Root WebApplicationContext: initialization completed in 2032 ms
2022-12-16 00:51:30,192 INFO  [restartedMain] org.hibernate.jpa.internal.util.LogHelper:HHH000204: Processing PersistenceUnitInfo [name: default]
2022-12-16 00:51:30,236 INFO  [restartedMain] org.hibernate.Version:HHH000412: Hibernate ORM core version 5.6.14.Final
2022-12-16 00:51:30,386 INFO  [restartedMain] org.hibernate.annotations.common.Version:HCANN000001: Hibernate Commons Annotations {5.1.2.Final}
2022-12-16 00:51:30,478 INFO  [restartedMain] com.zaxxer.hikari.HikariDataSource:HikariPool-1 - Starting...
2022-12-16 00:51:30,700 INFO  [restartedMain] com.zaxxer.hikari.HikariDataSource:HikariPool-1 - Start completed.
2022-12-16 00:51:30,717 INFO  [restartedMain] org.hibernate.dialect.Dialect:HHH000400: Using dialect: org.hibernate.dialect.PostgreSQLDialect
2022-12-16 00:51:31,612 INFO  [restartedMain] org.hibernate.engine.transaction.jta.platform.internal.JtaPlatformInitiator:HHH000490: Using JtaPlatform implementation: [org.hibernate.engine.transaction.jta.platform.internal.NoJtaPlatform]
2022-12-16 00:51:31,620 INFO  [restartedMain] org.springframework.orm.jpa.LocalContainerEntityManagerFactoryBean:Initialized JPA EntityManagerFactory for persistence unit 'default'
2022-12-16 00:51:32,125 WARN  [restartedMain] org.springframework.boot.autoconfigure.orm.jpa.JpaBaseConfiguration$JpaWebConfiguration:spring.jpa.open-in-view is enabled by default. Therefore, database queries may be performed during view rendering. Explicitly configure spring.jpa.open-in-view to disable this warning
2022-12-16 00:51:32,204 DEBUG [restartedMain] com.greenrent.security.jwt.AuthTokenFilter:Filter 'authenticationJwtTokenFilter' configured for use
2022-12-16 00:51:32,549 INFO  [restartedMain] org.springframework.security.web.DefaultSecurityFilterChain:Will secure any request with [org.springframework.security.web.session.DisableEncodeUrlFilter@1eb93deb, org.springframework.security.web.context.request.async.WebAsyncManagerIntegrationFilter@29bbd1ad, org.springframework.security.web.context.SecurityContextPersistenceFilter@13e15d89, org.springframework.security.web.header.HeaderWriterFilter@7c8b9024, org.springframework.security.web.authentication.logout.LogoutFilter@467e6807, com.greenrent.security.jwt.AuthTokenFilter@3470c188, org.springframework.security.web.savedrequest.RequestCacheAwareFilter@39546a8c, org.springframework.security.web.servletapi.SecurityContextHolderAwareRequestFilter@155400d, org.springframework.security.web.authentication.AnonymousAuthenticationFilter@6165a2a9, org.springframework.security.web.session.SessionManagementFilter@76622ecc, org.springframework.security.web.access.ExceptionTranslationFilter@6ce4b372, org.springframework.security.web.access.intercept.FilterSecurityInterceptor@6a98a2b1]
2022-12-16 00:51:33,543 INFO  [restartedMain] org.springframework.boot.devtools.autoconfigure.OptionalLiveReloadServer:LiveReload server is running on port 35729
2022-12-16 00:51:33,548 INFO  [restartedMain] org.springframework.boot.actuate.endpoint.web.EndpointLinksResolver:Exposing 1 endpoint(s) beneath base path '/actuator'
2022-12-16 00:51:33,612 INFO  [restartedMain] org.springframework.boot.web.embedded.tomcat.TomcatWebServer:Tomcat started on port(s): 8080 (http) with context path ''
2022-12-16 00:51:33,626 INFO  [restartedMain] com.greenrent.GreenRentApplication:Started GreenRentApplication in 6.156 seconds (JVM running for 6.945)
2022-12-16 00:51:34,311 INFO  [http-nio-8080-exec-2] org.apache.catalina.core.ContainerBase.[Tomcat].[localhost].[/]:Initializing Spring DispatcherServlet 'dispatcherServlet'
2022-12-16 00:51:34,312 INFO  [http-nio-8080-exec-2] org.springframework.web.servlet.DispatcherServlet:Initializing Servlet 'dispatcherServlet'
2022-12-16 00:51:34,314 INFO  [http-nio-8080-exec-2] org.springframework.web.servlet.DispatcherServlet:Completed initialization in 2 ms
2022-12-16 00:52:37,734 INFO  [RMI TCP Connection(4)-127.0.0.1] org.springframework.boot.admin.SpringApplicationAdminMXBeanRegistrar$SpringApplicationAdmin:Application shutdown requested.
2022-12-16 00:52:37,762 INFO  [RMI TCP Connection(4)-127.0.0.1] org.apache.catalina.core.StandardService:Stopping service [Tomcat]
2022-12-16 00:52:37,763 INFO  [RMI TCP Connection(4)-127.0.0.1] org.apache.catalina.core.ContainerBase.[Tomcat].[localhost].[/]:Destroying Spring FrameworkServlet 'dispatcherServlet'
2022-12-16 00:52:37,766 WARN  [RMI TCP Connection(4)-127.0.0.1] org.apache.catalina.loader.WebappClassLoaderBase:The web application [ROOT] appears to have started a thread named [HikariPool-1 housekeeper] but has failed to stop it. This is very likely to create a memory leak. Stack trace of thread:
 java.base@17.0.4/jdk.internal.misc.Unsafe.park(Native Method)
 java.base@17.0.4/java.util.concurrent.locks.LockSupport.parkNanos(LockSupport.java:252)
 java.base@17.0.4/java.util.concurrent.locks.AbstractQueuedSynchronizer$ConditionObject.awaitNanos(AbstractQueuedSynchronizer.java:1672)
 java.base@17.0.4/java.util.concurrent.ScheduledThreadPoolExecutor$DelayedWorkQueue.take(ScheduledThreadPoolExecutor.java:1182)
 java.base@17.0.4/java.util.concurrent.ScheduledThreadPoolExecutor$DelayedWorkQueue.take(ScheduledThreadPoolExecutor.java:899)
 java.base@17.0.4/java.util.concurrent.ThreadPoolExecutor.getTask(ThreadPoolExecutor.java:1062)
 java.base@17.0.4/java.util.concurrent.ThreadPoolExecutor.runWorker(ThreadPoolExecutor.java:1122)
 java.base@17.0.4/java.util.concurrent.ThreadPoolExecutor$Worker.run(ThreadPoolExecutor.java:635)
 java.base@17.0.4/java.lang.Thread.run(Thread.java:833)
2022-12-16 00:52:37,773 INFO  [RMI TCP Connection(4)-127.0.0.1] org.springframework.orm.jpa.LocalContainerEntityManagerFactoryBean:Closing JPA EntityManagerFactory for persistence unit 'default'
2022-12-16 00:52:37,776 INFO  [RMI TCP Connection(4)-127.0.0.1] com.zaxxer.hikari.HikariDataSource:HikariPool-1 - Shutdown initiated...
2022-12-16 00:52:37,778 INFO  [RMI TCP Connection(4)-127.0.0.1] com.zaxxer.hikari.HikariDataSource:HikariPool-1 - Shutdown completed.
2022-12-16 01:07:28,432 INFO  [restartedMain] com.greenrent.GreenRentApplication:Starting GreenRentApplication using Java 17.0.4 on LAPTOP-LP556Q47 with PID 1252 (D:\CarRental2\GreenRent\target\classes started by kayra in D:\CarRental2\GreenRent)
2022-12-16 01:07:28,433 DEBUG [restartedMain] com.greenrent.GreenRentApplication:Running with Spring Boot v2.7.6, Spring v5.3.24
2022-12-16 01:07:28,433 INFO  [restartedMain] com.greenrent.GreenRentApplication:No active profile set, falling back to 1 default profile: "default"
2022-12-16 01:07:28,479 INFO  [restartedMain] org.springframework.boot.devtools.env.DevToolsPropertyDefaultsPostProcessor:Devtools property defaults active! Set 'spring.devtools.add-properties' to 'false' to disable
2022-12-16 01:07:28,480 INFO  [restartedMain] org.springframework.boot.devtools.env.DevToolsPropertyDefaultsPostProcessor:For additional web related logging consider setting the 'logging.level.web' property to 'DEBUG'
2022-12-16 01:07:29,318 INFO  [restartedMain] org.springframework.data.repository.config.RepositoryConfigurationDelegate:Bootstrapping Spring Data JPA repositories in DEFAULT mode.
2022-12-16 01:07:29,382 INFO  [restartedMain] org.springframework.data.repository.config.RepositoryConfigurationDelegate:Finished Spring Data repository scanning in 55 ms. Found 6 JPA repository interfaces.
2022-12-16 01:07:29,939 INFO  [restartedMain] org.springframework.boot.web.embedded.tomcat.TomcatWebServer:Tomcat initialized with port(s): 8080 (http)
2022-12-16 01:07:29,952 INFO  [restartedMain] org.apache.catalina.core.StandardService:Starting service [Tomcat]
2022-12-16 01:07:29,952 INFO  [restartedMain] org.apache.catalina.core.StandardEngine:Starting Servlet engine: [Apache Tomcat/9.0.69]
2022-12-16 01:07:30,030 INFO  [restartedMain] org.apache.catalina.core.ContainerBase.[Tomcat].[localhost].[/]:Initializing Spring embedded WebApplicationContext
2022-12-16 01:07:30,031 INFO  [restartedMain] org.springframework.boot.web.servlet.context.ServletWebServerApplicationContext:Root WebApplicationContext: initialization completed in 1551 ms
2022-12-16 01:07:30,245 INFO  [restartedMain] org.hibernate.jpa.internal.util.LogHelper:HHH000204: Processing PersistenceUnitInfo [name: default]
2022-12-16 01:07:30,285 INFO  [restartedMain] org.hibernate.Version:HHH000412: Hibernate ORM core version 5.6.14.Final
2022-12-16 01:07:30,427 INFO  [restartedMain] org.hibernate.annotations.common.Version:HCANN000001: Hibernate Commons Annotations {5.1.2.Final}
2022-12-16 01:07:30,512 INFO  [restartedMain] com.zaxxer.hikari.HikariDataSource:HikariPool-1 - Starting...
2022-12-16 01:07:30,659 INFO  [restartedMain] com.zaxxer.hikari.HikariDataSource:HikariPool-1 - Start completed.
2022-12-16 01:07:30,674 INFO  [restartedMain] org.hibernate.dialect.Dialect:HHH000400: Using dialect: org.hibernate.dialect.PostgreSQLDialect
2022-12-16 01:07:31,432 INFO  [restartedMain] org.hibernate.engine.transaction.jta.platform.internal.JtaPlatformInitiator:HHH000490: Using JtaPlatform implementation: [org.hibernate.engine.transaction.jta.platform.internal.NoJtaPlatform]
2022-12-16 01:07:31,439 INFO  [restartedMain] org.springframework.orm.jpa.LocalContainerEntityManagerFactoryBean:Initialized JPA EntityManagerFactory for persistence unit 'default'
2022-12-16 01:07:31,896 WARN  [restartedMain] org.springframework.boot.autoconfigure.orm.jpa.JpaBaseConfiguration$JpaWebConfiguration:spring.jpa.open-in-view is enabled by default. Therefore, database queries may be performed during view rendering. Explicitly configure spring.jpa.open-in-view to disable this warning
2022-12-16 01:07:31,963 DEBUG [restartedMain] com.greenrent.security.jwt.AuthTokenFilter:Filter 'authenticationJwtTokenFilter' configured for use
2022-12-16 01:07:32,293 INFO  [restartedMain] org.springframework.security.web.DefaultSecurityFilterChain:Will secure any request with [org.springframework.security.web.session.DisableEncodeUrlFilter@29bbd1ad, org.springframework.security.web.context.request.async.WebAsyncManagerIntegrationFilter@6165a2a9, org.springframework.security.web.context.SecurityContextPersistenceFilter@74921577, org.springframework.security.web.header.HeaderWriterFilter@513fc980, org.springframework.security.web.authentication.logout.LogoutFilter@5e99458, com.greenrent.security.jwt.AuthTokenFilter@3d975f91, org.springframework.security.web.savedrequest.RequestCacheAwareFilter@428cc44f, org.springframework.security.web.servletapi.SecurityContextHolderAwareRequestFilter@1cf4b871, org.springframework.security.web.authentication.AnonymousAuthenticationFilter@13701b75, org.springframework.security.web.session.SessionManagementFilter@321ff283, org.springframework.security.web.access.ExceptionTranslationFilter@12835fc7, org.springframework.security.web.access.intercept.FilterSecurityInterceptor@7d646ea1]
2022-12-16 01:07:33,086 INFO  [restartedMain] org.springframework.boot.devtools.autoconfigure.OptionalLiveReloadServer:LiveReload server is running on port 35729
2022-12-16 01:07:33,091 INFO  [restartedMain] org.springframework.boot.actuate.endpoint.web.EndpointLinksResolver:Exposing 1 endpoint(s) beneath base path '/actuator'
2022-12-16 01:07:33,154 INFO  [restartedMain] org.springframework.boot.web.embedded.tomcat.TomcatWebServer:Tomcat started on port(s): 8080 (http) with context path ''
2022-12-16 01:07:33,170 INFO  [restartedMain] com.greenrent.GreenRentApplication:Started GreenRentApplication in 5.132 seconds (JVM running for 5.841)
2022-12-16 01:08:02,093 INFO  [RMI TCP Connection(4)-127.0.0.1] org.springframework.boot.admin.SpringApplicationAdminMXBeanRegistrar$SpringApplicationAdmin:Application shutdown requested.
2022-12-16 01:08:02,109 INFO  [RMI TCP Connection(4)-127.0.0.1] org.apache.catalina.core.StandardService:Stopping service [Tomcat]
2022-12-16 01:08:02,113 WARN  [RMI TCP Connection(4)-127.0.0.1] org.apache.catalina.loader.WebappClassLoaderBase:The web application [ROOT] appears to have started a thread named [HikariPool-1 housekeeper] but has failed to stop it. This is very likely to create a memory leak. Stack trace of thread:
 java.base@17.0.4/jdk.internal.misc.Unsafe.park(Native Method)
 java.base@17.0.4/java.util.concurrent.locks.LockSupport.parkNanos(LockSupport.java:252)
 java.base@17.0.4/java.util.concurrent.locks.AbstractQueuedSynchronizer$ConditionObject.awaitNanos(AbstractQueuedSynchronizer.java:1672)
 java.base@17.0.4/java.util.concurrent.ScheduledThreadPoolExecutor$DelayedWorkQueue.take(ScheduledThreadPoolExecutor.java:1182)
 java.base@17.0.4/java.util.concurrent.ScheduledThreadPoolExecutor$DelayedWorkQueue.take(ScheduledThreadPoolExecutor.java:899)
 java.base@17.0.4/java.util.concurrent.ThreadPoolExecutor.getTask(ThreadPoolExecutor.java:1062)
 java.base@17.0.4/java.util.concurrent.ThreadPoolExecutor.runWorker(ThreadPoolExecutor.java:1122)
 java.base@17.0.4/java.util.concurrent.ThreadPoolExecutor$Worker.run(ThreadPoolExecutor.java:635)
 java.base@17.0.4/java.lang.Thread.run(Thread.java:833)
2022-12-16 01:08:02,120 INFO  [RMI TCP Connection(4)-127.0.0.1] org.springframework.orm.jpa.LocalContainerEntityManagerFactoryBean:Closing JPA EntityManagerFactory for persistence unit 'default'
2022-12-16 01:08:02,123 INFO  [RMI TCP Connection(4)-127.0.0.1] com.zaxxer.hikari.HikariDataSource:HikariPool-1 - Shutdown initiated...
2022-12-16 01:08:02,125 INFO  [RMI TCP Connection(4)-127.0.0.1] com.zaxxer.hikari.HikariDataSource:HikariPool-1 - Shutdown completed.
2022-12-16 01:19:24,630 INFO  [restartedMain] com.greenrent.GreenRentApplication:Starting GreenRentApplication using Java 17.0.4 on LAPTOP-LP556Q47 with PID 3668 (D:\CarRental2\GreenRent\target\classes started by kayra in D:\CarRental2\GreenRent)
2022-12-16 01:19:24,631 DEBUG [restartedMain] com.greenrent.GreenRentApplication:Running with Spring Boot v2.7.6, Spring v5.3.24
2022-12-16 01:19:24,631 INFO  [restartedMain] com.greenrent.GreenRentApplication:No active profile set, falling back to 1 default profile: "default"
2022-12-16 01:19:24,681 INFO  [restartedMain] org.springframework.boot.devtools.env.DevToolsPropertyDefaultsPostProcessor:Devtools property defaults active! Set 'spring.devtools.add-properties' to 'false' to disable
2022-12-16 01:19:24,681 INFO  [restartedMain] org.springframework.boot.devtools.env.DevToolsPropertyDefaultsPostProcessor:For additional web related logging consider setting the 'logging.level.web' property to 'DEBUG'
2022-12-16 01:19:25,563 INFO  [restartedMain] org.springframework.data.repository.config.RepositoryConfigurationDelegate:Bootstrapping Spring Data JPA repositories in DEFAULT mode.
2022-12-16 01:19:25,628 INFO  [restartedMain] org.springframework.data.repository.config.RepositoryConfigurationDelegate:Finished Spring Data repository scanning in 55 ms. Found 6 JPA repository interfaces.
2022-12-16 01:19:26,189 INFO  [restartedMain] org.springframework.boot.web.embedded.tomcat.TomcatWebServer:Tomcat initialized with port(s): 8080 (http)
2022-12-16 01:19:26,197 INFO  [restartedMain] org.apache.catalina.core.StandardService:Starting service [Tomcat]
2022-12-16 01:19:26,197 INFO  [restartedMain] org.apache.catalina.core.StandardEngine:Starting Servlet engine: [Apache Tomcat/9.0.69]
2022-12-16 01:19:26,266 INFO  [restartedMain] org.apache.catalina.core.ContainerBase.[Tomcat].[localhost].[/]:Initializing Spring embedded WebApplicationContext
2022-12-16 01:19:26,267 INFO  [restartedMain] org.springframework.boot.web.servlet.context.ServletWebServerApplicationContext:Root WebApplicationContext: initialization completed in 1586 ms
2022-12-16 01:19:26,482 INFO  [restartedMain] org.hibernate.jpa.internal.util.LogHelper:HHH000204: Processing PersistenceUnitInfo [name: default]
2022-12-16 01:19:26,558 INFO  [restartedMain] org.hibernate.Version:HHH000412: Hibernate ORM core version 5.6.14.Final
2022-12-16 01:19:26,690 INFO  [restartedMain] org.hibernate.annotations.common.Version:HCANN000001: Hibernate Commons Annotations {5.1.2.Final}
2022-12-16 01:19:26,777 INFO  [restartedMain] com.zaxxer.hikari.HikariDataSource:HikariPool-1 - Starting...
2022-12-16 01:19:26,933 INFO  [restartedMain] com.zaxxer.hikari.HikariDataSource:HikariPool-1 - Start completed.
2022-12-16 01:19:26,949 INFO  [restartedMain] org.hibernate.dialect.Dialect:HHH000400: Using dialect: org.hibernate.dialect.PostgreSQLDialect
2022-12-16 01:19:27,721 INFO  [restartedMain] org.hibernate.engine.transaction.jta.platform.internal.JtaPlatformInitiator:HHH000490: Using JtaPlatform implementation: [org.hibernate.engine.transaction.jta.platform.internal.NoJtaPlatform]
2022-12-16 01:19:27,728 INFO  [restartedMain] org.springframework.orm.jpa.LocalContainerEntityManagerFactoryBean:Initialized JPA EntityManagerFactory for persistence unit 'default'
2022-12-16 01:19:28,177 WARN  [restartedMain] org.springframework.boot.autoconfigure.orm.jpa.JpaBaseConfiguration$JpaWebConfiguration:spring.jpa.open-in-view is enabled by default. Therefore, database queries may be performed during view rendering. Explicitly configure spring.jpa.open-in-view to disable this warning
2022-12-16 01:19:28,240 DEBUG [restartedMain] com.greenrent.security.jwt.AuthTokenFilter:Filter 'authenticationJwtTokenFilter' configured for use
2022-12-16 01:19:28,541 WARN  [restartedMain] org.springframework.security.config.annotation.web.builders.WebSecurity:You are asking Spring Security to ignore Ant [pattern='/v3/api-docs/**']. This is not recommended -- please use permitAll via HttpSecurity#authorizeHttpRequests instead.
2022-12-16 01:19:28,542 INFO  [restartedMain] org.springframework.security.web.DefaultSecurityFilterChain:Will not secure Ant [pattern='/v3/api-docs/**']
2022-12-16 01:19:28,542 WARN  [restartedMain] org.springframework.security.config.annotation.web.builders.WebSecurity:You are asking Spring Security to ignore Ant [pattern='swagger-ui.html']. This is not recommended -- please use permitAll via HttpSecurity#authorizeHttpRequests instead.
2022-12-16 01:19:28,542 INFO  [restartedMain] org.springframework.security.web.DefaultSecurityFilterChain:Will not secure Ant [pattern='swagger-ui.html']
2022-12-16 01:19:28,542 WARN  [restartedMain] org.springframework.security.config.annotation.web.builders.WebSecurity:You are asking Spring Security to ignore Ant [pattern='/swagger-ui']. This is not recommended -- please use permitAll via HttpSecurity#authorizeHttpRequests instead.
2022-12-16 01:19:28,542 INFO  [restartedMain] org.springframework.security.web.DefaultSecurityFilterChain:Will not secure Ant [pattern='/swagger-ui']
2022-12-16 01:19:28,542 WARN  [restartedMain] org.springframework.security.config.annotation.web.builders.WebSecurity:You are asking Spring Security to ignore Ant [pattern='/']. This is not recommended -- please use permitAll via HttpSecurity#authorizeHttpRequests instead.
2022-12-16 01:19:28,543 INFO  [restartedMain] org.springframework.security.web.DefaultSecurityFilterChain:Will not secure Ant [pattern='/']
2022-12-16 01:19:28,543 WARN  [restartedMain] org.springframework.security.config.annotation.web.builders.WebSecurity:You are asking Spring Security to ignore Ant [pattern='index.html']. This is not recommended -- please use permitAll via HttpSecurity#authorizeHttpRequests instead.
2022-12-16 01:19:28,543 INFO  [restartedMain] org.springframework.security.web.DefaultSecurityFilterChain:Will not secure Ant [pattern='index.html']
2022-12-16 01:19:28,543 WARN  [restartedMain] org.springframework.security.config.annotation.web.builders.WebSecurity:You are asking Spring Security to ignore Ant [pattern='/images/**']. This is not recommended -- please use permitAll via HttpSecurity#authorizeHttpRequests instead.
2022-12-16 01:19:28,543 INFO  [restartedMain] org.springframework.security.web.DefaultSecurityFilterChain:Will not secure Ant [pattern='/images/**']
2022-12-16 01:19:28,568 INFO  [restartedMain] org.springframework.security.web.DefaultSecurityFilterChain:Will secure any request with [org.springframework.security.web.session.DisableEncodeUrlFilter@45327e36, org.springframework.security.web.context.request.async.WebAsyncManagerIntegrationFilter@4cff7cf, org.springframework.security.web.context.SecurityContextPersistenceFilter@59974da, org.springframework.security.web.header.HeaderWriterFilter@2b2392db, org.springframework.security.web.authentication.logout.LogoutFilter@6a20dc89, com.greenrent.security.jwt.AuthTokenFilter@4acd530c, org.springframework.security.web.savedrequest.RequestCacheAwareFilter@40f6c09a, org.springframework.security.web.servletapi.SecurityContextHolderAwareRequestFilter@15f449fe, org.springframework.security.web.authentication.AnonymousAuthenticationFilter@62574062, org.springframework.security.web.session.SessionManagementFilter@1732057d, org.springframework.security.web.access.ExceptionTranslationFilter@6a98a2b1, org.springframework.security.web.access.intercept.FilterSecurityInterceptor@4bf5a17d]
2022-12-16 01:19:29,372 INFO  [restartedMain] org.springframework.boot.devtools.autoconfigure.OptionalLiveReloadServer:LiveReload server is running on port 35729
2022-12-16 01:19:29,377 INFO  [restartedMain] org.springframework.boot.actuate.endpoint.web.EndpointLinksResolver:Exposing 1 endpoint(s) beneath base path '/actuator'
2022-12-16 01:19:29,435 INFO  [restartedMain] org.springframework.boot.web.embedded.tomcat.TomcatWebServer:Tomcat started on port(s): 8080 (http) with context path ''
2022-12-16 01:19:29,449 INFO  [restartedMain] com.greenrent.GreenRentApplication:Started GreenRentApplication in 5.197 seconds (JVM running for 5.913)
2022-12-16 01:19:29,675 INFO  [RMI TCP Connection(3)-127.0.0.1] org.apache.catalina.core.ContainerBase.[Tomcat].[localhost].[/]:Initializing Spring DispatcherServlet 'dispatcherServlet'
2022-12-16 01:19:29,675 INFO  [RMI TCP Connection(3)-127.0.0.1] org.springframework.web.servlet.DispatcherServlet:Initializing Servlet 'dispatcherServlet'
2022-12-16 01:19:29,676 INFO  [RMI TCP Connection(3)-127.0.0.1] org.springframework.web.servlet.DispatcherServlet:Completed initialization in 1 ms
2022-12-16 01:20:03,551 WARN  [http-nio-8080-exec-3] org.springframework.web.servlet.mvc.method.annotation.ExceptionHandlerExceptionResolver:Resolved [com.greenrent.exception.ConflictException: Email: test1122@yyy.com already exists]
2022-12-16 01:20:39,960 INFO  [File Watcher] org.springframework.boot.devtools.autoconfigure.LocalDevToolsAutoConfiguration$RestartingClassPathChangeChangedEventListener:Restarting due to 1 class path change (0 additions, 0 deletions, 1 modification)
2022-12-16 01:20:39,976 INFO  [Thread-5] org.apache.catalina.core.StandardService:Stopping service [Tomcat]
2022-12-16 01:20:39,977 INFO  [Thread-5] org.apache.catalina.core.ContainerBase.[Tomcat].[localhost].[/]:Destroying Spring FrameworkServlet 'dispatcherServlet'
2022-12-16 01:20:39,979 WARN  [Thread-5] org.apache.catalina.loader.WebappClassLoaderBase:The web application [ROOT] appears to have started a thread named [HikariPool-1 housekeeper] but has failed to stop it. This is very likely to create a memory leak. Stack trace of thread:
 java.base@17.0.4/jdk.internal.misc.Unsafe.park(Native Method)
 java.base@17.0.4/java.util.concurrent.locks.LockSupport.parkNanos(LockSupport.java:252)
 java.base@17.0.4/java.util.concurrent.locks.AbstractQueuedSynchronizer$ConditionObject.awaitNanos(AbstractQueuedSynchronizer.java:1672)
 java.base@17.0.4/java.util.concurrent.ScheduledThreadPoolExecutor$DelayedWorkQueue.take(ScheduledThreadPoolExecutor.java:1182)
 java.base@17.0.4/java.util.concurrent.ScheduledThreadPoolExecutor$DelayedWorkQueue.take(ScheduledThreadPoolExecutor.java:899)
 java.base@17.0.4/java.util.concurrent.ThreadPoolExecutor.getTask(ThreadPoolExecutor.java:1062)
 java.base@17.0.4/java.util.concurrent.ThreadPoolExecutor.runWorker(ThreadPoolExecutor.java:1122)
 java.base@17.0.4/java.util.concurrent.ThreadPoolExecutor$Worker.run(ThreadPoolExecutor.java:635)
 java.base@17.0.4/java.lang.Thread.run(Thread.java:833)
2022-12-16 01:20:39,985 INFO  [Thread-5] org.springframework.orm.jpa.LocalContainerEntityManagerFactoryBean:Closing JPA EntityManagerFactory for persistence unit 'default'
2022-12-16 01:20:39,988 INFO  [Thread-5] com.zaxxer.hikari.HikariDataSource:HikariPool-1 - Shutdown initiated...
2022-12-16 01:20:39,990 INFO  [Thread-5] com.zaxxer.hikari.HikariDataSource:HikariPool-1 - Shutdown completed.
2022-12-16 01:20:40,058 INFO  [restartedMain] com.greenrent.GreenRentApplication:Starting GreenRentApplication using Java 17.0.4 on LAPTOP-LP556Q47 with PID 3668 (D:\CarRental2\GreenRent\target\classes started by kayra in D:\CarRental2\GreenRent)
2022-12-16 01:20:40,058 DEBUG [restartedMain] com.greenrent.GreenRentApplication:Running with Spring Boot v2.7.6, Spring v5.3.24
2022-12-16 01:20:40,058 INFO  [restartedMain] com.greenrent.GreenRentApplication:No active profile set, falling back to 1 default profile: "default"
2022-12-16 01:20:40,305 INFO  [restartedMain] org.springframework.data.repository.config.RepositoryConfigurationDelegate:Bootstrapping Spring Data JPA repositories in DEFAULT mode.
2022-12-16 01:20:40,323 INFO  [restartedMain] org.springframework.data.repository.config.RepositoryConfigurationDelegate:Finished Spring Data repository scanning in 18 ms. Found 6 JPA repository interfaces.
2022-12-16 01:20:40,419 INFO  [restartedMain] org.springframework.boot.web.embedded.tomcat.TomcatWebServer:Tomcat initialized with port(s): 8080 (http)
2022-12-16 01:20:40,419 INFO  [restartedMain] org.apache.catalina.core.StandardService:Starting service [Tomcat]
2022-12-16 01:20:40,419 INFO  [restartedMain] org.apache.catalina.core.StandardEngine:Starting Servlet engine: [Apache Tomcat/9.0.69]
2022-12-16 01:20:40,443 INFO  [restartedMain] org.apache.catalina.core.ContainerBase.[Tomcat].[localhost].[/]:Initializing Spring embedded WebApplicationContext
2022-12-16 01:20:40,443 INFO  [restartedMain] org.springframework.boot.web.servlet.context.ServletWebServerApplicationContext:Root WebApplicationContext: initialization completed in 383 ms
2022-12-16 01:20:40,506 INFO  [restartedMain] org.hibernate.jpa.internal.util.LogHelper:HHH000204: Processing PersistenceUnitInfo [name: default]
2022-12-16 01:20:40,510 INFO  [restartedMain] com.zaxxer.hikari.HikariDataSource:HikariPool-2 - Starting...
2022-12-16 01:20:40,562 INFO  [restartedMain] com.zaxxer.hikari.HikariDataSource:HikariPool-2 - Start completed.
2022-12-16 01:20:40,562 INFO  [restartedMain] org.hibernate.dialect.Dialect:HHH000400: Using dialect: org.hibernate.dialect.PostgreSQLDialect
2022-12-16 01:20:40,713 INFO  [restartedMain] org.hibernate.engine.transaction.jta.platform.internal.JtaPlatformInitiator:HHH000490: Using JtaPlatform implementation: [org.hibernate.engine.transaction.jta.platform.internal.NoJtaPlatform]
2022-12-16 01:20:40,713 INFO  [restartedMain] org.springframework.orm.jpa.LocalContainerEntityManagerFactoryBean:Initialized JPA EntityManagerFactory for persistence unit 'default'
2022-12-16 01:20:40,837 WARN  [restartedMain] org.springframework.boot.autoconfigure.orm.jpa.JpaBaseConfiguration$JpaWebConfiguration:spring.jpa.open-in-view is enabled by default. Therefore, database queries may be performed during view rendering. Explicitly configure spring.jpa.open-in-view to disable this warning
2022-12-16 01:20:40,870 DEBUG [restartedMain] com.greenrent.security.jwt.AuthTokenFilter:Filter 'authenticationJwtTokenFilter' configured for use
2022-12-16 01:20:41,077 WARN  [restartedMain] org.springframework.security.config.annotation.web.builders.WebSecurity:You are asking Spring Security to ignore Ant [pattern='/v3/api-docs/**']. This is not recommended -- please use permitAll via HttpSecurity#authorizeHttpRequests instead.
2022-12-16 01:20:41,078 INFO  [restartedMain] org.springframework.security.web.DefaultSecurityFilterChain:Will not secure Ant [pattern='/v3/api-docs/**']
2022-12-16 01:20:41,078 WARN  [restartedMain] org.springframework.security.config.annotation.web.builders.WebSecurity:You are asking Spring Security to ignore Ant [pattern='swagger-ui.html']. This is not recommended -- please use permitAll via HttpSecurity#authorizeHttpRequests instead.
2022-12-16 01:20:41,078 INFO  [restartedMain] org.springframework.security.web.DefaultSecurityFilterChain:Will not secure Ant [pattern='swagger-ui.html']
2022-12-16 01:20:41,078 WARN  [restartedMain] org.springframework.security.config.annotation.web.builders.WebSecurity:You are asking Spring Security to ignore Ant [pattern='/swagger-ui/**']. This is not recommended -- please use permitAll via HttpSecurity#authorizeHttpRequests instead.
2022-12-16 01:20:41,078 INFO  [restartedMain] org.springframework.security.web.DefaultSecurityFilterChain:Will not secure Ant [pattern='/swagger-ui/**']
2022-12-16 01:20:41,078 WARN  [restartedMain] org.springframework.security.config.annotation.web.builders.WebSecurity:You are asking Spring Security to ignore Ant [pattern='/']. This is not recommended -- please use permitAll via HttpSecurity#authorizeHttpRequests instead.
2022-12-16 01:20:41,078 INFO  [restartedMain] org.springframework.security.web.DefaultSecurityFilterChain:Will not secure Ant [pattern='/']
2022-12-16 01:20:41,078 WARN  [restartedMain] org.springframework.security.config.annotation.web.builders.WebSecurity:You are asking Spring Security to ignore Ant [pattern='index.html']. This is not recommended -- please use permitAll via HttpSecurity#authorizeHttpRequests instead.
2022-12-16 01:20:41,078 INFO  [restartedMain] org.springframework.security.web.DefaultSecurityFilterChain:Will not secure Ant [pattern='index.html']
2022-12-16 01:20:41,078 WARN  [restartedMain] org.springframework.security.config.annotation.web.builders.WebSecurity:You are asking Spring Security to ignore Ant [pattern='/images/**']. This is not recommended -- please use permitAll via HttpSecurity#authorizeHttpRequests instead.
2022-12-16 01:20:41,078 INFO  [restartedMain] org.springframework.security.web.DefaultSecurityFilterChain:Will not secure Ant [pattern='/images/**']
2022-12-16 01:20:41,090 INFO  [restartedMain] org.springframework.security.web.DefaultSecurityFilterChain:Will secure any request with [org.springframework.security.web.session.DisableEncodeUrlFilter@5c1b5c95, org.springframework.security.web.context.request.async.WebAsyncManagerIntegrationFilter@26ec9e08, org.springframework.security.web.context.SecurityContextPersistenceFilter@538856f2, org.springframework.security.web.header.HeaderWriterFilter@2936f0ec, org.springframework.security.web.authentication.logout.LogoutFilter@2fe0de9f, com.greenrent.security.jwt.AuthTokenFilter@782272da, org.springframework.security.web.savedrequest.RequestCacheAwareFilter@74a1beb0, org.springframework.security.web.servletapi.SecurityContextHolderAwareRequestFilter@6a0e9158, org.springframework.security.web.authentication.AnonymousAuthenticationFilter@1f09dfd2, org.springframework.security.web.session.SessionManagementFilter@459230d3, org.springframework.security.web.access.ExceptionTranslationFilter@47ac044f, org.springframework.security.web.access.intercept.FilterSecurityInterceptor@7830b8ae]
2022-12-16 01:20:41,519 INFO  [restartedMain] org.springframework.boot.devtools.autoconfigure.OptionalLiveReloadServer:LiveReload server is running on port 35729
2022-12-16 01:20:41,522 INFO  [restartedMain] org.springframework.boot.actuate.endpoint.web.EndpointLinksResolver:Exposing 1 endpoint(s) beneath base path '/actuator'
2022-12-16 01:20:41,551 INFO  [restartedMain] org.springframework.boot.web.embedded.tomcat.TomcatWebServer:Tomcat started on port(s): 8080 (http) with context path ''
2022-12-16 01:20:41,560 INFO  [restartedMain] com.greenrent.GreenRentApplication:Started GreenRentApplication in 1.524 seconds (JVM running for 78.023)
2022-12-16 01:20:41,562 INFO  [restartedMain] org.springframework.boot.devtools.autoconfigure.ConditionEvaluationDeltaLoggingListener:Condition evaluation unchanged
2022-12-16 01:20:42,608 INFO  [http-nio-8080-exec-1] org.apache.catalina.core.ContainerBase.[Tomcat].[localhost].[/]:Initializing Spring DispatcherServlet 'dispatcherServlet'
2022-12-16 01:20:42,608 INFO  [http-nio-8080-exec-1] org.springframework.web.servlet.DispatcherServlet:Initializing Servlet 'dispatcherServlet'
2022-12-16 01:20:42,610 INFO  [http-nio-8080-exec-1] org.springframework.web.servlet.DispatcherServlet:Completed initialization in 2 ms
2022-12-16 01:21:37,568 INFO  [File Watcher] org.springframework.boot.devtools.autoconfigure.LocalDevToolsAutoConfiguration$RestartingClassPathChangeChangedEventListener:Restarting due to 1 class path change (0 additions, 0 deletions, 1 modification)
2022-12-16 01:21:37,597 INFO  [Thread-7] org.apache.catalina.core.StandardService:Stopping service [Tomcat]
2022-12-16 01:21:37,598 INFO  [Thread-7] org.apache.catalina.core.ContainerBase.[Tomcat].[localhost].[/]:Destroying Spring FrameworkServlet 'dispatcherServlet'
2022-12-16 01:21:37,600 WARN  [Thread-7] org.apache.catalina.loader.WebappClassLoaderBase:The web application [ROOT] appears to have started a thread named [HikariPool-2 housekeeper] but has failed to stop it. This is very likely to create a memory leak. Stack trace of thread:
 java.base@17.0.4/jdk.internal.misc.Unsafe.park(Native Method)
 java.base@17.0.4/java.util.concurrent.locks.LockSupport.parkNanos(LockSupport.java:252)
 java.base@17.0.4/java.util.concurrent.locks.AbstractQueuedSynchronizer$ConditionObject.awaitNanos(AbstractQueuedSynchronizer.java:1672)
 java.base@17.0.4/java.util.concurrent.ScheduledThreadPoolExecutor$DelayedWorkQueue.take(ScheduledThreadPoolExecutor.java:1182)
 java.base@17.0.4/java.util.concurrent.ScheduledThreadPoolExecutor$DelayedWorkQueue.take(ScheduledThreadPoolExecutor.java:899)
 java.base@17.0.4/java.util.concurrent.ThreadPoolExecutor.getTask(ThreadPoolExecutor.java:1062)
 java.base@17.0.4/java.util.concurrent.ThreadPoolExecutor.runWorker(ThreadPoolExecutor.java:1122)
 java.base@17.0.4/java.util.concurrent.ThreadPoolExecutor$Worker.run(ThreadPoolExecutor.java:635)
 java.base@17.0.4/java.lang.Thread.run(Thread.java:833)
2022-12-16 01:21:37,603 INFO  [Thread-7] org.springframework.orm.jpa.LocalContainerEntityManagerFactoryBean:Closing JPA EntityManagerFactory for persistence unit 'default'
2022-12-16 01:21:37,604 INFO  [Thread-7] com.zaxxer.hikari.HikariDataSource:HikariPool-2 - Shutdown initiated...
2022-12-16 01:21:37,605 INFO  [Thread-7] com.zaxxer.hikari.HikariDataSource:HikariPool-2 - Shutdown completed.
2022-12-16 01:21:37,670 INFO  [restartedMain] com.greenrent.GreenRentApplication:Starting GreenRentApplication using Java 17.0.4 on LAPTOP-LP556Q47 with PID 3668 (D:\CarRental2\GreenRent\target\classes started by kayra in D:\CarRental2\GreenRent)
2022-12-16 01:21:37,670 DEBUG [restartedMain] com.greenrent.GreenRentApplication:Running with Spring Boot v2.7.6, Spring v5.3.24
2022-12-16 01:21:37,671 INFO  [restartedMain] com.greenrent.GreenRentApplication:No active profile set, falling back to 1 default profile: "default"
2022-12-16 01:21:37,898 INFO  [restartedMain] org.springframework.data.repository.config.RepositoryConfigurationDelegate:Bootstrapping Spring Data JPA repositories in DEFAULT mode.
2022-12-16 01:21:37,917 INFO  [restartedMain] org.springframework.data.repository.config.RepositoryConfigurationDelegate:Finished Spring Data repository scanning in 18 ms. Found 6 JPA repository interfaces.
2022-12-16 01:21:38,001 INFO  [restartedMain] org.springframework.boot.web.embedded.tomcat.TomcatWebServer:Tomcat initialized with port(s): 8080 (http)
2022-12-16 01:21:38,002 INFO  [restartedMain] org.apache.catalina.core.StandardService:Starting service [Tomcat]
2022-12-16 01:21:38,002 INFO  [restartedMain] org.apache.catalina.core.StandardEngine:Starting Servlet engine: [Apache Tomcat/9.0.69]
2022-12-16 01:21:38,020 INFO  [restartedMain] org.apache.catalina.core.ContainerBase.[Tomcat].[localhost].[/]:Initializing Spring embedded WebApplicationContext
2022-12-16 01:21:38,020 INFO  [restartedMain] org.springframework.boot.web.servlet.context.ServletWebServerApplicationContext:Root WebApplicationContext: initialization completed in 348 ms
2022-12-16 01:21:38,080 INFO  [restartedMain] org.hibernate.jpa.internal.util.LogHelper:HHH000204: Processing PersistenceUnitInfo [name: default]
2022-12-16 01:21:38,084 INFO  [restartedMain] com.zaxxer.hikari.HikariDataSource:HikariPool-3 - Starting...
2022-12-16 01:21:38,133 INFO  [restartedMain] com.zaxxer.hikari.HikariDataSource:HikariPool-3 - Start completed.
2022-12-16 01:21:38,133 INFO  [restartedMain] org.hibernate.dialect.Dialect:HHH000400: Using dialect: org.hibernate.dialect.PostgreSQLDialect
2022-12-16 01:21:38,274 INFO  [restartedMain] org.hibernate.engine.transaction.jta.platform.internal.JtaPlatformInitiator:HHH000490: Using JtaPlatform implementation: [org.hibernate.engine.transaction.jta.platform.internal.NoJtaPlatform]
2022-12-16 01:21:38,275 INFO  [restartedMain] org.springframework.orm.jpa.LocalContainerEntityManagerFactoryBean:Initialized JPA EntityManagerFactory for persistence unit 'default'
2022-12-16 01:21:38,379 WARN  [restartedMain] org.springframework.boot.autoconfigure.orm.jpa.JpaBaseConfiguration$JpaWebConfiguration:spring.jpa.open-in-view is enabled by default. Therefore, database queries may be performed during view rendering. Explicitly configure spring.jpa.open-in-view to disable this warning
2022-12-16 01:21:38,400 DEBUG [restartedMain] com.greenrent.security.jwt.AuthTokenFilter:Filter 'authenticationJwtTokenFilter' configured for use
2022-12-16 01:21:38,569 WARN  [restartedMain] org.springframework.boot.web.servlet.context.AnnotationConfigServletWebServerApplicationContext:Exception encountered during context initialization - cancelling refresh attempt: org.springframework.beans.factory.BeanCreationException: Error creating bean with name 'springSecurityFilterChain' defined in class path resource [org/springframework/security/config/annotation/web/configuration/WebSecurityConfiguration.class]: Bean instantiation via factory method failed; nested exception is org.springframework.beans.BeanInstantiationException: Failed to instantiate [javax.servlet.Filter]: Factory method 'springSecurityFilterChain' threw exception; nested exception is org.springframework.beans.factory.BeanCreationException: Error creating bean with name 'configure' defined in class path resource [com/greenrent/security/WebSecurityConfig.class]: Invalid factory method 'configure' on class [com.greenrent.security.WebSecurityConfig]: needs to have a non-void return type!
2022-12-16 01:21:38,570 INFO  [restartedMain] org.springframework.orm.jpa.LocalContainerEntityManagerFactoryBean:Closing JPA EntityManagerFactory for persistence unit 'default'
2022-12-16 01:21:38,570 INFO  [restartedMain] com.zaxxer.hikari.HikariDataSource:HikariPool-3 - Shutdown initiated...
2022-12-16 01:21:38,572 INFO  [restartedMain] com.zaxxer.hikari.HikariDataSource:HikariPool-3 - Shutdown completed.
2022-12-16 01:21:38,573 INFO  [restartedMain] org.apache.catalina.core.StandardService:Stopping service [Tomcat]
2022-12-16 01:21:38,583 INFO  [restartedMain] org.springframework.boot.autoconfigure.logging.ConditionEvaluationReportLoggingListener:

Error starting ApplicationContext. To display the conditions report re-run your application with 'debug' enabled.
2022-12-16 01:21:38,610 ERROR [restartedMain] org.springframework.boot.SpringApplication:Application run failed
org.springframework.beans.factory.BeanCreationException: Error creating bean with name 'springSecurityFilterChain' defined in class path resource [org/springframework/security/config/annotation/web/configuration/WebSecurityConfiguration.class]: Bean instantiation via factory method failed; nested exception is org.springframework.beans.BeanInstantiationException: Failed to instantiate [javax.servlet.Filter]: Factory method 'springSecurityFilterChain' threw exception; nested exception is org.springframework.beans.factory.BeanCreationException: Error creating bean with name 'configure' defined in class path resource [com/greenrent/security/WebSecurityConfig.class]: Invalid factory method 'configure' on class [com.greenrent.security.WebSecurityConfig]: needs to have a non-void return type!
	at org.springframework.beans.factory.support.ConstructorResolver.instantiate(ConstructorResolver.java:658) ~[spring-beans-5.3.24.jar:5.3.24]
	at org.springframework.beans.factory.support.ConstructorResolver.instantiateUsingFactoryMethod(ConstructorResolver.java:486) ~[spring-beans-5.3.24.jar:5.3.24]
	at org.springframework.beans.factory.support.AbstractAutowireCapableBeanFactory.instantiateUsingFactoryMethod(AbstractAutowireCapableBeanFactory.java:1352) ~[spring-beans-5.3.24.jar:5.3.24]
	at org.springframework.beans.factory.support.AbstractAutowireCapableBeanFactory.createBeanInstance(AbstractAutowireCapableBeanFactory.java:1195) ~[spring-beans-5.3.24.jar:5.3.24]
	at org.springframework.beans.factory.support.AbstractAutowireCapableBeanFactory.doCreateBean(AbstractAutowireCapableBeanFactory.java:582) ~[spring-beans-5.3.24.jar:5.3.24]
	at org.springframework.beans.factory.support.AbstractAutowireCapableBeanFactory.createBean(AbstractAutowireCapableBeanFactory.java:542) ~[spring-beans-5.3.24.jar:5.3.24]
	at org.springframework.beans.factory.support.AbstractBeanFactory.lambda$doGetBean$0(AbstractBeanFactory.java:335) ~[spring-beans-5.3.24.jar:5.3.24]
	at org.springframework.beans.factory.support.DefaultSingletonBeanRegistry.getSingleton(DefaultSingletonBeanRegistry.java:234) ~[spring-beans-5.3.24.jar:5.3.24]
	at org.springframework.beans.factory.support.AbstractBeanFactory.doGetBean(AbstractBeanFactory.java:333) ~[spring-beans-5.3.24.jar:5.3.24]
	at org.springframework.beans.factory.support.AbstractBeanFactory.getBean(AbstractBeanFactory.java:208) ~[spring-beans-5.3.24.jar:5.3.24]
	at org.springframework.beans.factory.support.AbstractBeanFactory.doGetBean(AbstractBeanFactory.java:322) ~[spring-beans-5.3.24.jar:5.3.24]
	at org.springframework.beans.factory.support.AbstractBeanFactory.getBean(AbstractBeanFactory.java:208) ~[spring-beans-5.3.24.jar:5.3.24]
	at org.springframework.beans.factory.support.DefaultListableBeanFactory.preInstantiateSingletons(DefaultListableBeanFactory.java:955) ~[spring-beans-5.3.24.jar:5.3.24]
	at org.springframework.context.support.AbstractApplicationContext.finishBeanFactoryInitialization(AbstractApplicationContext.java:918) ~[spring-context-5.3.24.jar:5.3.24]
	at org.springframework.context.support.AbstractApplicationContext.refresh(AbstractApplicationContext.java:583) ~[spring-context-5.3.24.jar:5.3.24]
	at org.springframework.boot.web.servlet.context.ServletWebServerApplicationContext.refresh(ServletWebServerApplicationContext.java:147) ~[spring-boot-2.7.6.jar:2.7.6]
	at org.springframework.boot.SpringApplication.refresh(SpringApplication.java:731) ~[spring-boot-2.7.6.jar:2.7.6]
	at org.springframework.boot.SpringApplication.refreshContext(SpringApplication.java:408) ~[spring-boot-2.7.6.jar:2.7.6]
	at org.springframework.boot.SpringApplication.run(SpringApplication.java:307) ~[spring-boot-2.7.6.jar:2.7.6]
	at org.springframework.boot.SpringApplication.run(SpringApplication.java:1303) ~[spring-boot-2.7.6.jar:2.7.6]
	at org.springframework.boot.SpringApplication.run(SpringApplication.java:1292) ~[spring-boot-2.7.6.jar:2.7.6]
	at com.greenrent.GreenRentApplication.main(GreenRentApplication.java:10) ~[classes/:na]
	at java.base/jdk.internal.reflect.NativeMethodAccessorImpl.invoke0(Native Method) ~[na:na]
	at java.base/jdk.internal.reflect.NativeMethodAccessorImpl.invoke(NativeMethodAccessorImpl.java:77) ~[na:na]
	at java.base/jdk.internal.reflect.DelegatingMethodAccessorImpl.invoke(DelegatingMethodAccessorImpl.java:43) ~[na:na]
	at java.base/java.lang.reflect.Method.invoke(Method.java:568) ~[na:na]
	at org.springframework.boot.devtools.restart.RestartLauncher.run(RestartLauncher.java:49) ~[spring-boot-devtools-2.7.6.jar:2.7.6]
Caused by: org.springframework.beans.BeanInstantiationException: Failed to instantiate [javax.servlet.Filter]: Factory method 'springSecurityFilterChain' threw exception; nested exception is org.springframework.beans.factory.BeanCreationException: Error creating bean with name 'configure' defined in class path resource [com/greenrent/security/WebSecurityConfig.class]: Invalid factory method 'configure' on class [com.greenrent.security.WebSecurityConfig]: needs to have a non-void return type!
	at org.springframework.beans.factory.support.SimpleInstantiationStrategy.instantiate(SimpleInstantiationStrategy.java:185) ~[spring-beans-5.3.24.jar:5.3.24]
	at org.springframework.beans.factory.support.ConstructorResolver.instantiate(ConstructorResolver.java:653) ~[spring-beans-5.3.24.jar:5.3.24]
	... 26 common frames omitted
Caused by: org.springframework.beans.factory.BeanCreationException: Error creating bean with name 'configure' defined in class path resource [com/greenrent/security/WebSecurityConfig.class]: Invalid factory method 'configure' on class [com.greenrent.security.WebSecurityConfig]: needs to have a non-void return type!
	at org.springframework.beans.factory.support.ConstructorResolver.instantiateUsingFactoryMethod(ConstructorResolver.java:623) ~[spring-beans-5.3.24.jar:5.3.24]
	at org.springframework.beans.factory.support.AbstractAutowireCapableBeanFactory.instantiateUsingFactoryMethod(AbstractAutowireCapableBeanFactory.java:1352) ~[spring-beans-5.3.24.jar:5.3.24]
	at org.springframework.beans.factory.support.AbstractAutowireCapableBeanFactory.createBeanInstance(AbstractAutowireCapableBeanFactory.java:1195) ~[spring-beans-5.3.24.jar:5.3.24]
	at org.springframework.beans.factory.support.AbstractAutowireCapableBeanFactory.doCreateBean(AbstractAutowireCapableBeanFactory.java:582) ~[spring-beans-5.3.24.jar:5.3.24]
	at org.springframework.beans.factory.support.AbstractAutowireCapableBeanFactory.createBean(AbstractAutowireCapableBeanFactory.java:542) ~[spring-beans-5.3.24.jar:5.3.24]
	at org.springframework.beans.factory.support.AbstractBeanFactory.lambda$doGetBean$0(AbstractBeanFactory.java:335) ~[spring-beans-5.3.24.jar:5.3.24]
	at org.springframework.beans.factory.support.DefaultSingletonBeanRegistry.getSingleton(DefaultSingletonBeanRegistry.java:234) ~[spring-beans-5.3.24.jar:5.3.24]
	at org.springframework.beans.factory.support.AbstractBeanFactory.doGetBean(AbstractBeanFactory.java:333) ~[spring-beans-5.3.24.jar:5.3.24]
	at org.springframework.beans.factory.support.AbstractBeanFactory.getBean(AbstractBeanFactory.java:218) ~[spring-beans-5.3.24.jar:5.3.24]
	at org.springframework.context.annotation.ConfigurationClassEnhancer$BeanMethodInterceptor.resolveBeanReference(ConfigurationClassEnhancer.java:361) ~[spring-context-5.3.24.jar:5.3.24]
	at org.springframework.context.annotation.ConfigurationClassEnhancer$BeanMethodInterceptor.intercept(ConfigurationClassEnhancer.java:334) ~[spring-context-5.3.24.jar:5.3.24]
	at com.greenrent.security.WebSecurityConfig$$EnhancerBySpringCGLIB$$a0bb4d2f.configure(<generated>) ~[classes/:na]
	at org.springframework.security.config.annotation.web.configuration.WebSecurityConfigurerAdapter.configure(WebSecurityConfigurerAdapter.java:96) ~[spring-security-config-5.7.5.jar:5.7.5]
	at com.greenrent.security.WebSecurityConfig$$EnhancerBySpringCGLIB$$a0bb4d2f.configure(<generated>) ~[classes/:na]
	at org.springframework.security.config.annotation.AbstractConfiguredSecurityBuilder.configure(AbstractConfiguredSecurityBuilder.java:349) ~[spring-security-config-5.7.5.jar:5.7.5]
	at org.springframework.security.config.annotation.AbstractConfiguredSecurityBuilder.doBuild(AbstractConfiguredSecurityBuilder.java:303) ~[spring-security-config-5.7.5.jar:5.7.5]
	at org.springframework.security.config.annotation.AbstractSecurityBuilder.build(AbstractSecurityBuilder.java:38) ~[spring-security-config-5.7.5.jar:5.7.5]
	at org.springframework.security.config.annotation.web.configuration.WebSecurityConfiguration.springSecurityFilterChain(WebSecurityConfiguration.java:125) ~[spring-security-config-5.7.5.jar:5.7.5]
	at java.base/jdk.internal.reflect.NativeMethodAccessorImpl.invoke0(Native Method) ~[na:na]
	at java.base/jdk.internal.reflect.NativeMethodAccessorImpl.invoke(NativeMethodAccessorImpl.java:77) ~[na:na]
	at java.base/jdk.internal.reflect.DelegatingMethodAccessorImpl.invoke(DelegatingMethodAccessorImpl.java:43) ~[na:na]
	at java.base/java.lang.reflect.Method.invoke(Method.java:568) ~[na:na]
	at org.springframework.beans.factory.support.SimpleInstantiationStrategy.instantiate(SimpleInstantiationStrategy.java:154) ~[spring-beans-5.3.24.jar:5.3.24]
	... 27 common frames omitted
2022-12-16 01:21:44,111 INFO  [restartedMain] com.greenrent.GreenRentApplication:Starting GreenRentApplication using Java 17.0.4 on LAPTOP-LP556Q47 with PID 3668 (D:\CarRental2\GreenRent\target\classes started by kayra in D:\CarRental2\GreenRent)
2022-12-16 01:21:44,111 DEBUG [restartedMain] com.greenrent.GreenRentApplication:Running with Spring Boot v2.7.6, Spring v5.3.24
2022-12-16 01:21:44,111 INFO  [restartedMain] com.greenrent.GreenRentApplication:No active profile set, falling back to 1 default profile: "default"
2022-12-16 01:21:44,363 INFO  [restartedMain] org.springframework.data.repository.config.RepositoryConfigurationDelegate:Bootstrapping Spring Data JPA repositories in DEFAULT mode.
2022-12-16 01:21:44,382 INFO  [restartedMain] org.springframework.data.repository.config.RepositoryConfigurationDelegate:Finished Spring Data repository scanning in 19 ms. Found 6 JPA repository interfaces.
2022-12-16 01:21:44,471 INFO  [restartedMain] org.springframework.boot.web.embedded.tomcat.TomcatWebServer:Tomcat initialized with port(s): 8080 (http)
2022-12-16 01:21:44,472 INFO  [restartedMain] org.apache.catalina.core.StandardService:Starting service [Tomcat]
2022-12-16 01:21:44,472 INFO  [restartedMain] org.apache.catalina.core.StandardEngine:Starting Servlet engine: [Apache Tomcat/9.0.69]
2022-12-16 01:21:44,514 INFO  [restartedMain] org.apache.catalina.core.ContainerBase.[Tomcat-1].[localhost].[/]:Initializing Spring embedded WebApplicationContext
2022-12-16 01:21:44,514 INFO  [restartedMain] org.springframework.boot.web.servlet.context.ServletWebServerApplicationContext:Root WebApplicationContext: initialization completed in 401 ms
2022-12-16 01:21:44,589 INFO  [restartedMain] org.hibernate.jpa.internal.util.LogHelper:HHH000204: Processing PersistenceUnitInfo [name: default]
2022-12-16 01:21:44,593 INFO  [restartedMain] com.zaxxer.hikari.HikariDataSource:HikariPool-4 - Starting...
2022-12-16 01:21:44,651 INFO  [restartedMain] com.zaxxer.hikari.HikariDataSource:HikariPool-4 - Start completed.
2022-12-16 01:21:44,651 INFO  [restartedMain] org.hibernate.dialect.Dialect:HHH000400: Using dialect: org.hibernate.dialect.PostgreSQLDialect
2022-12-16 01:21:44,816 INFO  [restartedMain] org.hibernate.engine.transaction.jta.platform.internal.JtaPlatformInitiator:HHH000490: Using JtaPlatform implementation: [org.hibernate.engine.transaction.jta.platform.internal.NoJtaPlatform]
2022-12-16 01:21:44,817 INFO  [restartedMain] org.springframework.orm.jpa.LocalContainerEntityManagerFactoryBean:Initialized JPA EntityManagerFactory for persistence unit 'default'
2022-12-16 01:21:44,951 WARN  [restartedMain] org.springframework.boot.autoconfigure.orm.jpa.JpaBaseConfiguration$JpaWebConfiguration:spring.jpa.open-in-view is enabled by default. Therefore, database queries may be performed during view rendering. Explicitly configure spring.jpa.open-in-view to disable this warning
2022-12-16 01:21:44,978 DEBUG [restartedMain] com.greenrent.security.jwt.AuthTokenFilter:Filter 'authenticationJwtTokenFilter' configured for use
2022-12-16 01:21:45,144 WARN  [restartedMain] org.springframework.security.config.annotation.web.builders.WebSecurity:You are asking Spring Security to ignore Ant [pattern='/v3/api-docs/**']. This is not recommended -- please use permitAll via HttpSecurity#authorizeHttpRequests instead.
2022-12-16 01:21:45,145 INFO  [restartedMain] org.springframework.security.web.DefaultSecurityFilterChain:Will not secure Ant [pattern='/v3/api-docs/**']
2022-12-16 01:21:45,145 WARN  [restartedMain] org.springframework.security.config.annotation.web.builders.WebSecurity:You are asking Spring Security to ignore Ant [pattern='swagger-ui.html']. This is not recommended -- please use permitAll via HttpSecurity#authorizeHttpRequests instead.
2022-12-16 01:21:45,145 INFO  [restartedMain] org.springframework.security.web.DefaultSecurityFilterChain:Will not secure Ant [pattern='swagger-ui.html']
2022-12-16 01:21:45,145 WARN  [restartedMain] org.springframework.security.config.annotation.web.builders.WebSecurity:You are asking Spring Security to ignore Ant [pattern='/swagger-ui/**']. This is not recommended -- please use permitAll via HttpSecurity#authorizeHttpRequests instead.
2022-12-16 01:21:45,145 INFO  [restartedMain] org.springframework.security.web.DefaultSecurityFilterChain:Will not secure Ant [pattern='/swagger-ui/**']
2022-12-16 01:21:45,145 WARN  [restartedMain] org.springframework.security.config.annotation.web.builders.WebSecurity:You are asking Spring Security to ignore Ant [pattern='/']. This is not recommended -- please use permitAll via HttpSecurity#authorizeHttpRequests instead.
2022-12-16 01:21:45,145 INFO  [restartedMain] org.springframework.security.web.DefaultSecurityFilterChain:Will not secure Ant [pattern='/']
2022-12-16 01:21:45,145 WARN  [restartedMain] org.springframework.security.config.annotation.web.builders.WebSecurity:You are asking Spring Security to ignore Ant [pattern='index.html']. This is not recommended -- please use permitAll via HttpSecurity#authorizeHttpRequests instead.
2022-12-16 01:21:45,145 INFO  [restartedMain] org.springframework.security.web.DefaultSecurityFilterChain:Will not secure Ant [pattern='index.html']
2022-12-16 01:21:45,145 WARN  [restartedMain] org.springframework.security.config.annotation.web.builders.WebSecurity:You are asking Spring Security to ignore Ant [pattern='/images/**']. This is not recommended -- please use permitAll via HttpSecurity#authorizeHttpRequests instead.
2022-12-16 01:21:45,145 INFO  [restartedMain] org.springframework.security.web.DefaultSecurityFilterChain:Will not secure Ant [pattern='/images/**']
2022-12-16 01:21:45,156 INFO  [restartedMain] org.springframework.security.web.DefaultSecurityFilterChain:Will secure any request with [org.springframework.security.web.session.DisableEncodeUrlFilter@422b9de9, org.springframework.security.web.context.request.async.WebAsyncManagerIntegrationFilter@6bb01b51, org.springframework.security.web.context.SecurityContextPersistenceFilter@1ee32f8f, org.springframework.security.web.header.HeaderWriterFilter@5b86b10b, org.springframework.security.web.authentication.logout.LogoutFilter@54d1b72e, com.greenrent.security.jwt.AuthTokenFilter@59ac98b, org.springframework.security.web.savedrequest.RequestCacheAwareFilter@7f8b4141, org.springframework.security.web.servletapi.SecurityContextHolderAwareRequestFilter@11eba952, org.springframework.security.web.authentication.AnonymousAuthenticationFilter@24da2844, org.springframework.security.web.session.SessionManagementFilter@50925e5e, org.springframework.security.web.access.ExceptionTranslationFilter@37aad476, org.springframework.security.web.access.intercept.FilterSecurityInterceptor@1f3ef31c]
2022-12-16 01:21:45,614 INFO  [restartedMain] org.springframework.boot.devtools.autoconfigure.OptionalLiveReloadServer:LiveReload server is running on port 35729
2022-12-16 01:21:45,618 INFO  [restartedMain] org.springframework.boot.actuate.endpoint.web.EndpointLinksResolver:Exposing 1 endpoint(s) beneath base path '/actuator'
2022-12-16 01:21:45,651 INFO  [restartedMain] org.springframework.boot.web.embedded.tomcat.TomcatWebServer:Tomcat started on port(s): 8080 (http) with context path ''
2022-12-16 01:21:45,660 INFO  [restartedMain] com.greenrent.GreenRentApplication:Started GreenRentApplication in 1.571 seconds (JVM running for 142.123)
2022-12-16 01:21:45,662 INFO  [restartedMain] org.springframework.boot.devtools.autoconfigure.ConditionEvaluationDeltaLoggingListener:Condition evaluation unchanged
2022-12-16 01:21:47,842 INFO  [http-nio-8080-exec-1] org.apache.catalina.core.ContainerBase.[Tomcat-1].[localhost].[/]:Initializing Spring DispatcherServlet 'dispatcherServlet'
2022-12-16 01:21:47,842 INFO  [http-nio-8080-exec-1] org.springframework.web.servlet.DispatcherServlet:Initializing Servlet 'dispatcherServlet'
2022-12-16 01:21:47,843 INFO  [http-nio-8080-exec-1] org.springframework.web.servlet.DispatcherServlet:Completed initialization in 1 ms
2022-12-16 01:22:41,653 INFO  [http-nio-8080-exec-10] org.springdoc.api.AbstractOpenApiResource:Init duration for springdoc-openapi is: 489 ms
